<?xml version="1.0" encoding="UTF-8"?>
<robot generator="Robot 3.1.1 (Python 3.7.3 on linux)" generated="20190509 19:07:42.414" rpa="false">
<suite id="s1" name="Auktion" source="/usr/src/Stephan-project/robot-docker/auktion.robot">
<test id="s1-t1" name="Get All Data">
<kw name="Setup Xvfb" library="auktion_keyword">
<kw name="Start Virtual Display" library="XvfbRobot">
<doc>Starts virtual display which will be
 destroyed after test execution will be end</doc>
<arguments>
<arg>1920</arg>
<arg>1080</arg>
</arguments>
<msg timestamp="20190509 19:07:42.827" level="INFO">Using virtual display: '1920x1080x24'</msg>
<status status="PASS" starttime="20190509 19:07:42.826" endtime="20190509 19:07:42.936"></status>
</kw>
<status status="PASS" starttime="20190509 19:07:42.826" endtime="20190509 19:07:42.936"></status>
</kw>
<kw name="Start Browser" library="auktion_keyword">
<kw name="Get Time" library="BuiltIn">
<doc>Returns the given time in the requested format.</doc>
<assign>
<var>${STARTTIME}</var>
</assign>
<msg timestamp="20190509 19:07:42.949" level="INFO">${STARTTIME} = 2019-05-09 19:07:42</msg>
<status status="PASS" starttime="20190509 19:07:42.947" endtime="20190509 19:07:42.949"></status>
</kw>
<kw name="Set Global Variable" library="BuiltIn">
<doc>Makes a variable available globally in all tests and suites.</doc>
<arguments>
<arg>${STARTTIME_G}</arg>
<arg>${STARTTIME}</arg>
</arguments>
<msg timestamp="20190509 19:07:42.953" level="INFO">${STARTTIME_G} = 2019-05-09 19:07:42</msg>
<status status="PASS" starttime="20190509 19:07:42.950" endtime="20190509 19:07:42.954"></status>
</kw>
<kw name="Create Webdriver" library="SeleniumLibrary">
<doc>Creates an instance of Selenium WebDriver.</doc>
<arguments>
<arg>${BROWSER}</arg>
</arguments>
<msg timestamp="20190509 19:07:42.955" level="INFO">Creating an instance of the Chrome WebDriver.</msg>
<kw name="Capture Page Screenshot" library="SeleniumLibrary">
<doc>Takes screenshot of the current page and embeds it into log file.</doc>
<msg timestamp="20190509 19:07:43.044" level="INFO">Cannot capture screenshot because no browser is open.</msg>
<status status="PASS" starttime="20190509 19:07:43.043" endtime="20190509 19:07:43.044"></status>
</kw>
<msg timestamp="20190509 19:07:43.046" level="FAIL">WebDriverException: Message: unknown error: Chrome failed to start: exited abnormally
  (unknown error: DevToolsActivePort file doesn't exist)
  (The process started from chrome location /usr/bin/google-chrome is no longer running, so ChromeDriver is assuming that Chrome has crashed.)
  (Driver info: chromedriver=74.0.3729.6 (255758eccf3d244491b8a1317aa76e1ce10d57e9-refs/branch-heads/3729@{#29}),platform=Linux 4.9.125-linuxkit x86_64)
</msg>
<status status="FAIL" starttime="20190509 19:07:42.954" endtime="20190509 19:07:43.046"></status>
</kw>
<status status="FAIL" starttime="20190509 19:07:42.939" endtime="20190509 19:07:43.046"></status>
</kw>
<doc>Go to the Webpage "https://www.bundesnetzagentur.de" and collect all informations</doc>
<tags>
<tag>All</tag>
</tags>
<status status="FAIL" starttime="20190509 19:07:42.823" endtime="20190509 19:07:43.048" critical="yes">WebDriverException: Message: unknown error: Chrome failed to start: exited abnormally
  (unknown error: DevToolsActivePort file doesn't exist)
  (The process started from chrome location /usr/bin/google-chrome is no longer running, so ChromeDriver is assuming that Chrome has crashed.)
  (Driver info: chromedriver=74.0.3729.6 (255758eccf3d244491b8a1317aa76e1ce10d57e9-refs/branch-heads/3729@{#29}),platform=Linux 4.9.125-linuxkit x86_64)
</status>
</test>
<doc>Frequenzauktion 5G 2019 Datacollector with Chrome</doc>
<status status="FAIL" starttime="20190509 19:07:42.418" endtime="20190509 19:07:43.053"></status>
</suite>
<statistics>
<total>
<stat pass="0" fail="1">Critical Tests</stat>
<stat pass="0" fail="1">All Tests</stat>
</total>
<tag>
<stat pass="0" fail="1">All</stat>
</tag>
<suite>
<stat pass="0" fail="1" id="s1" name="Auktion">Auktion</stat>
</suite>
</statistics>
<errors>
</errors>
</robot>
